<?xml version="1.0" encoding="UTF-8" ?>
<testsuite errors="0" failures="0" hostname="ip-172-31-13-165" name="QATest" tests="1" time="10.161" timestamp="2016-03-18T09:27:26">
  <properties>
    <property name="java.vendor" value="Oracle Corporation" />
    <property name="sun.java.launcher" value="SUN_STANDARD" />
    <property name="sun.management.compiler" value="HotSpot 64-Bit Tiered Compilers" />
    <property name="ant.file.type.Insurance_Claim" value="file" />
    <property name="os.name" value="Linux" />
    <property name="sun.boot.class.path" value="/usr/lib/jvm/java-1.7.0-openjdk-1.7.0.71.x86_64/jre/lib/resources.jar:/usr/lib/jvm/java-1.7.0-openjdk-1.7.0.71.x86_64/jre/lib/rt.jar:/usr/lib/jvm/java-1.7.0-openjdk-1.7.0.71.x86_64/jre/lib/sunrsasign.jar:/usr/lib/jvm/java-1.7.0-openjdk-1.7.0.71.x86_64/jre/lib/jsse.jar:/usr/lib/jvm/java-1.7.0-openjdk-1.7.0.71.x86_64/jre/lib/jce.jar:/usr/lib/jvm/java-1.7.0-openjdk-1.7.0.71.x86_64/jre/lib/charsets.jar:/usr/lib/jvm/java-1.7.0-openjdk-1.7.0.71.x86_64/jre/lib/rhino.jar:/usr/lib/jvm/java-1.7.0-openjdk-1.7.0.71.x86_64/jre/lib/jfr.jar:/usr/lib/jvm/java-1.7.0-openjdk-1.7.0.71.x86_64/jre/classes" />
    <property name="java.vm.specification.vendor" value="Oracle Corporation" />
    <property name="ant.home" value="/usr/share/ant" />
    <property name="build-info.DSTAMP" value="20160318" />
    <property name="java.runtime.version" value="1.7.0_71-mockbuild_2014_10_17_00_21-b00" />
    <property name="findbug.home" value="Insurance_Claim/WebContent" />
    <property name="user.name" value="jenkins" />
    <property name="user.language" value="en" />
    <property name="sun.boot.library.path" value="/usr/lib/jvm/java-1.7.0-openjdk-1.7.0.71.x86_64/jre/lib/amd64" />
    <property name="ant.project.default-target" value="ProTest" />
    <property name="ant.project.name" value="Insurance_Claim" />
    <property name="java.version" value="1.7.0_71" />
    <property name="user.timezone" value="" />
    <property name="sun.arch.data.model" value="64" />
    <property name="java.endorsed.dirs" value="/usr/lib/jvm/java-1.7.0-openjdk-1.7.0.71.x86_64/jre/lib/endorsed" />
    <property name="sun.cpu.isalist" value="" />
    <property name="sun.jnu.encoding" value="UTF-8" />
    <property name="file.encoding.pkg" value="sun.io" />
    <property name="file.separator" value="/" />
    <property name="java.specification.name" value="Java Platform API Specification" />
    <property name="java.class.version" value="51.0" />
    <property name="source-directory" value="src" />
    <property name="user.country" value="US" />
    <property name="build-info.current-date" value="18-March-2016" />
    <property name="java.home" value="/usr/lib/jvm/java-1.7.0-openjdk-1.7.0.71.x86_64/jre" />
    <property name="java.vm.info" value="mixed mode" />
    <property name="ant.file" value="/var/lib/jenkins/jobs/AMaaS-CADS-DevOps-Deploy-to-Dev-Jobs/workspace/Insurance_Claim/WebContent/build.xml" />
    <property name="os.version" value="3.14.23-22.44.amzn1.x86_64" />
    <property name="build-info.TODAY" value="March 18 2016" />
    <property name="path.separator" value=":" />
    <property name="java.vm.version" value="24.65-b04" />
    <property name="ant.library.dir" value="/usr/share/ant/lib" />
    <property name="java.awt.printerjob" value="sun.print.PSPrinterJob" />
    <property name="web-xml-file" value="WEB-INF/web.xml" />
    <property name="sun.io.unicode.encoding" value="UnicodeLittle" />
    <property name="awt.toolkit" value="sun.awt.X11.XToolkit" />
    <property name="user.home" value="/var/lib/jenkins" />
    <property name="java.specification.vendor" value="Oracle Corporation" />
    <property name="java.library.path" value="/usr/java/packages/lib/amd64:/usr/lib64:/lib64:/lib:/usr/lib" />
    <property name="java.vendor.url" value="http://java.oracle.com/" />
    <property name="builder" value="TeamCakes" />
    <property name="build-info.TSTAMP" value="0927" />
    <property name="java.vm.vendor" value="Oracle Corporation" />
    <property name="war-file-name" value="Insurance_Claim.war" />
    <property name="java.runtime.name" value="OpenJDK Runtime Environment" />
    <property name="sun.java.command" value="org.apache.tools.ant.taskdefs.optional.junit.JUnitTestRunner QATest filtertrace=true haltOnError=false haltOnFailure=false formatter=org.apache.tools.ant.taskdefs.optional.junit.OutErrSummaryJUnitResultFormatter showoutput=false outputtoformatters=true logfailedtests=true logtestlistenerevents=false formatter=org.apache.tools.ant.taskdefs.optional.junit.XMLJUnitResultFormatter,/var/lib/jenkins/jobs/AMaaS-CADS-DevOps-Deploy-to-Dev-Jobs/workspace/Insurance_Claim/TestCase/TEST-QATest.xml crashfile=/var/lib/jenkins/jobs/AMaaS-CADS-DevOps-Deploy-to-Dev-Jobs/workspace/Insurance_Claim/WebContent/junitvmwatcher5235089753568125790.properties propsfile=/var/lib/jenkins/jobs/AMaaS-CADS-DevOps-Deploy-to-Dev-Jobs/workspace/Insurance_Claim/WebContent/junit853690680797081717.properties" />
    <property name="java.class.path" value="/var/lib/jenkins/jobs/AMaaS-CADS-DevOps-Deploy-to-Dev-Jobs/workspace/Insurance_Claim/TestCase:/var/lib/jenkins/jobs/AMaaS-CADS-DevOps-Deploy-to-Dev-Jobs/workspace/Insurance_Claim/WebContent/lib/selenium-server-standalone-2.42.2.jar:/var/lib/jenkins/jobs/AMaaS-CADS-DevOps-Deploy-to-Dev-Jobs/workspace/Insurance_Claim/WebContent/lib/junit-4.10.jar:/usr/share/java/junit-3.8.2.jar:/usr/share/java/ant-launcher.jar:/usr/share/java/ant.jar:/usr/share/java/ant/ant-junit.jar" />
    <property name="ant.version" value="Apache Ant(TM) version 1.8.3 compiled on July 31 2012" />
    <property name="classes-directory" value="WEB-INF/classes" />
    <property name="build-info.current-time" value="09:27:26 AM UTC" />
    <property name="java.vm.specification.name" value="Java Virtual Machine Specification" />
    <property name="ant.file.type" value="file" />
    <property name="ant.file.Insurance_Claim" value="/var/lib/jenkins/jobs/AMaaS-CADS-DevOps-Deploy-to-Dev-Jobs/workspace/Insurance_Claim/WebContent/build.xml" />
    <property name="java.vm.specification.version" value="1.7" />
    <property name="sun.cpu.endian" value="little" />
    <property name="sun.os.patch.level" value="unknown" />
    <property name="java.io.tmpdir" value="/tmp" />
    <property name="java.vendor.url.bug" value="http://bugreport.sun.com/bugreport/" />
    <property name="os.arch" value="amd64" />
    <property name="java.awt.graphicsenv" value="sun.awt.X11GraphicsEnvironment" />
    <property name="java.ext.dirs" value="/usr/lib/jvm/java-1.7.0-openjdk-1.7.0.71.x86_64/jre/lib/ext:/usr/java/packages/lib/ext" />
    <property name="user.dir" value="/var/lib/jenkins/jobs/AMaaS-CADS-DevOps-Deploy-to-Dev-Jobs/workspace/Insurance_Claim/WebContent" />
    <property name="line.separator" value="&#xa;" />
    <property name="java.vm.name" value="OpenJDK 64-Bit Server VM" />
    <property name="project-name" value="Insurance_Claim" />
    <property name="basedir" value="/var/lib/jenkins/jobs/AMaaS-CADS-DevOps-Deploy-to-Dev-Jobs/workspace/Insurance_Claim/WebContent" />
    <property name="web-directory" value="" />
    <property name="build-directory" value="build" />
    <property name="ant.java.version" value="1.7" />
    <property name="ant.core.lib" value="/usr/share/java/ant.jar" />
    <property name="file.encoding" value="UTF-8" />
    <property name="java.specification.version" value="1.7" />
    <property name="ant.project.invoked-targets" value="QATest" />
  </properties>
  <testcase classname="QATest" name="test" time="9.96" />
  <system-out><![CDATA[Selenium Test Passed
]]></system-out>
  <system-err><![CDATA[]]></system-err>
</testsuite>
